12.26:11.43.23 INFO	ru.sfedu.stwitter.database.Seed:26 - _____SEEDS_____
12.26:11.43.23 INFO	ru.sfedu.stwitter.database.Seed:28 - _____SQL provider start_____
12.26:11.43.23 INFO	ru.sfedu.stwitter.database.Seed:82 - User with ID 221 was created
12.26:11.43.23 INFO	ru.sfedu.stwitter.database.Seed:82 - User with ID 222 was created
12.26:11.43.23 INFO	ru.sfedu.stwitter.database.Seed:82 - User with ID 223 was created
12.26:11.43.23 INFO	ru.sfedu.stwitter.database.Seed:82 - User with ID 224 was created
12.26:11.43.23 INFO	ru.sfedu.stwitter.database.Seed:82 - User with ID 225 was created
12.26:11.43.23 INFO	ru.sfedu.stwitter.database.Seed:82 - User with ID 226 was created
12.26:11.43.23 INFO	ru.sfedu.stwitter.database.Seed:82 - User with ID 227 was created
12.26:11.43.23 INFO	ru.sfedu.stwitter.database.Seed:82 - User with ID 228 was created
12.26:11.43.23 INFO	ru.sfedu.stwitter.database.Seed:82 - User with ID 229 was created
12.26:11.43.23 INFO	ru.sfedu.stwitter.database.Seed:99 - Post with ID 312 was created
12.26:11.43.23 INFO	ru.sfedu.stwitter.database.Seed:99 - Post with ID 313 was created
12.26:11.43.23 INFO	ru.sfedu.stwitter.database.Seed:99 - Post with ID 314 was created
12.26:11.43.23 INFO	ru.sfedu.stwitter.database.Seed:99 - Post with ID 315 was created
12.26:11.43.23 INFO	ru.sfedu.stwitter.database.Seed:99 - Post with ID 316 was created
12.26:11.43.23 INFO	ru.sfedu.stwitter.database.Seed:99 - Post with ID 317 was created
12.26:11.43.23 INFO	ru.sfedu.stwitter.database.Seed:99 - Post with ID 318 was created
12.26:11.43.23 INFO	ru.sfedu.stwitter.database.Seed:99 - Post with ID 319 was created
12.26:11.43.23 INFO	ru.sfedu.stwitter.database.Seed:99 - Post with ID 320 was created
12.26:11.43.23 INFO	ru.sfedu.stwitter.database.Seed:99 - Post with ID 321 was created
12.26:11.43.23 INFO	ru.sfedu.stwitter.database.Seed:99 - Post with ID 322 was created
12.26:11.43.23 INFO	ru.sfedu.stwitter.database.Seed:99 - Post with ID 323 was created
12.26:11.43.23 INFO	ru.sfedu.stwitter.database.Seed:99 - Post with ID 324 was created
12.26:11.43.23 INFO	ru.sfedu.stwitter.database.Seed:99 - Post with ID 325 was created
12.26:11.43.23 INFO	ru.sfedu.stwitter.database.Seed:99 - Post with ID 326 was created
12.26:11.43.23 INFO	ru.sfedu.stwitter.database.Seed:99 - Post with ID 327 was created
12.26:11.43.23 INFO	ru.sfedu.stwitter.database.Seed:99 - Post with ID 328 was created
12.26:11.43.23 INFO	ru.sfedu.stwitter.database.Seed:99 - Post with ID 329 was created
12.26:11.43.23 INFO	ru.sfedu.stwitter.database.Seed:115 - Comment with ID 1710 was created
12.26:11.43.23 INFO	ru.sfedu.stwitter.database.Seed:115 - Comment with ID 1711 was created
12.26:11.43.23 INFO	ru.sfedu.stwitter.database.Seed:115 - Comment with ID 1712 was created
12.26:11.43.23 INFO	ru.sfedu.stwitter.database.Seed:115 - Comment with ID 1713 was created
12.26:11.43.23 INFO	ru.sfedu.stwitter.database.Seed:115 - Comment with ID 1714 was created
12.26:11.43.23 INFO	ru.sfedu.stwitter.database.Seed:115 - Comment with ID 1715 was created
12.26:11.43.23 INFO	ru.sfedu.stwitter.database.Seed:115 - Comment with ID 1716 was created
12.26:11.43.23 INFO	ru.sfedu.stwitter.database.Seed:115 - Comment with ID 1717 was created
12.26:11.43.23 INFO	ru.sfedu.stwitter.database.Seed:115 - Comment with ID 1718 was created
12.26:11.43.23 INFO	ru.sfedu.stwitter.database.Seed:115 - Comment with ID 1719 was created
12.26:11.43.23 INFO	ru.sfedu.stwitter.database.Seed:115 - Comment with ID 1720 was created
12.26:11.43.23 INFO	ru.sfedu.stwitter.database.Seed:115 - Comment with ID 1721 was created
12.26:11.43.23 INFO	ru.sfedu.stwitter.database.Seed:115 - Comment with ID 1722 was created
12.26:11.43.23 INFO	ru.sfedu.stwitter.database.Seed:115 - Comment with ID 1723 was created
12.26:11.43.23 INFO	ru.sfedu.stwitter.database.Seed:115 - Comment with ID 1724 was created
12.26:11.43.23 INFO	ru.sfedu.stwitter.database.Seed:115 - Comment with ID 1725 was created
12.26:11.43.23 INFO	ru.sfedu.stwitter.database.Seed:115 - Comment with ID 1726 was created
12.26:11.43.23 INFO	ru.sfedu.stwitter.database.Seed:115 - Comment with ID 1727 was created
12.26:11.43.23 INFO	ru.sfedu.stwitter.database.Seed:115 - Comment with ID 1728 was created
12.26:11.43.23 INFO	ru.sfedu.stwitter.database.Seed:115 - Comment with ID 1729 was created
12.26:11.43.23 INFO	ru.sfedu.stwitter.database.Seed:115 - Comment with ID 1730 was created
12.26:11.43.23 INFO	ru.sfedu.stwitter.database.Seed:115 - Comment with ID 1731 was created
12.26:11.43.23 INFO	ru.sfedu.stwitter.database.Seed:115 - Comment with ID 1732 was created
12.26:11.43.23 INFO	ru.sfedu.stwitter.database.Seed:115 - Comment with ID 1733 was created
12.26:11.43.23 INFO	ru.sfedu.stwitter.database.Seed:115 - Comment with ID 1734 was created
12.26:11.43.23 INFO	ru.sfedu.stwitter.database.Seed:115 - Comment with ID 1735 was created
12.26:11.43.23 INFO	ru.sfedu.stwitter.database.Seed:115 - Comment with ID 1736 was created
12.26:11.43.23 INFO	ru.sfedu.stwitter.database.Seed:115 - Comment with ID 1737 was created
12.26:11.43.23 INFO	ru.sfedu.stwitter.database.Seed:115 - Comment with ID 1738 was created
12.26:11.43.23 INFO	ru.sfedu.stwitter.database.Seed:115 - Comment with ID 1739 was created
12.26:11.43.23 INFO	ru.sfedu.stwitter.database.Seed:115 - Comment with ID 1740 was created
12.26:11.43.23 INFO	ru.sfedu.stwitter.database.Seed:115 - Comment with ID 1741 was created
12.26:11.43.23 INFO	ru.sfedu.stwitter.database.Seed:115 - Comment with ID 1742 was created
12.26:11.43.23 INFO	ru.sfedu.stwitter.database.Seed:115 - Comment with ID 1743 was created
12.26:11.43.23 INFO	ru.sfedu.stwitter.database.Seed:115 - Comment with ID 1744 was created
12.26:11.43.23 INFO	ru.sfedu.stwitter.database.Seed:115 - Comment with ID 1745 was created
12.26:11.43.23 INFO	ru.sfedu.stwitter.database.Seed:115 - Comment with ID 1746 was created
12.26:11.43.23 INFO	ru.sfedu.stwitter.database.Seed:115 - Comment with ID 1747 was created
12.26:11.43.23 INFO	ru.sfedu.stwitter.database.Seed:115 - Comment with ID 1748 was created
12.26:11.43.23 INFO	ru.sfedu.stwitter.database.Seed:115 - Comment with ID 1749 was created
12.26:11.43.23 INFO	ru.sfedu.stwitter.database.Seed:115 - Comment with ID 1750 was created
12.26:11.43.23 INFO	ru.sfedu.stwitter.database.Seed:115 - Comment with ID 1751 was created
12.26:11.43.23 INFO	ru.sfedu.stwitter.database.Seed:115 - Comment with ID 1752 was created
12.26:11.43.23 INFO	ru.sfedu.stwitter.database.Seed:115 - Comment with ID 1753 was created
12.26:11.43.23 INFO	ru.sfedu.stwitter.database.Seed:115 - Comment with ID 1754 was created
12.26:11.43.23 INFO	ru.sfedu.stwitter.database.Seed:115 - Comment with ID 1754 was created
12.26:11.43.23 INFO	ru.sfedu.stwitter.database.Seed:115 - Comment with ID 1754 was created
12.26:11.43.23 INFO	ru.sfedu.stwitter.database.Seed:115 - Comment with ID 1757 was created
12.26:11.43.23 INFO	ru.sfedu.stwitter.database.Seed:115 - Comment with ID 1758 was created
12.26:11.43.23 INFO	ru.sfedu.stwitter.database.Seed:115 - Comment with ID 1759 was created
12.26:11.43.23 INFO	ru.sfedu.stwitter.database.Seed:115 - Comment with ID 1760 was created
12.26:11.43.23 INFO	ru.sfedu.stwitter.database.Seed:115 - Comment with ID 1761 was created
12.26:11.43.23 INFO	ru.sfedu.stwitter.database.Seed:115 - Comment with ID 1762 was created
12.26:11.43.23 INFO	ru.sfedu.stwitter.database.Seed:115 - Comment with ID 1763 was created
12.26:11.43.23 INFO	ru.sfedu.stwitter.database.Seed:115 - Comment with ID 1764 was created
12.26:11.43.23 INFO	ru.sfedu.stwitter.database.Seed:115 - Comment with ID 1765 was created
12.26:11.43.23 INFO	ru.sfedu.stwitter.database.Seed:115 - Comment with ID 1766 was created
12.26:11.43.23 INFO	ru.sfedu.stwitter.database.Seed:115 - Comment with ID 1767 was created
12.26:11.43.23 INFO	ru.sfedu.stwitter.database.Seed:115 - Comment with ID 1768 was created
12.26:11.43.23 INFO	ru.sfedu.stwitter.database.Seed:115 - Comment with ID 1769 was created
12.26:11.43.23 INFO	ru.sfedu.stwitter.database.Seed:115 - Comment with ID 1770 was created
12.26:11.43.23 INFO	ru.sfedu.stwitter.database.Seed:115 - Comment with ID 1771 was created
12.26:11.43.23 INFO	ru.sfedu.stwitter.database.Seed:115 - Comment with ID 1772 was created
12.26:11.43.23 INFO	ru.sfedu.stwitter.database.Seed:115 - Comment with ID 1773 was created
12.26:11.43.23 INFO	ru.sfedu.stwitter.database.Seed:115 - Comment with ID 1774 was created
12.26:11.43.23 INFO	ru.sfedu.stwitter.database.Seed:115 - Comment with ID 1775 was created
12.26:11.43.23 INFO	ru.sfedu.stwitter.database.Seed:115 - Comment with ID 1776 was created
12.26:11.43.23 INFO	ru.sfedu.stwitter.database.Seed:115 - Comment with ID 1777 was created
12.26:11.43.23 INFO	ru.sfedu.stwitter.database.Seed:115 - Comment with ID 1778 was created
12.26:11.43.23 INFO	ru.sfedu.stwitter.database.Seed:115 - Comment with ID 1779 was created
12.26:11.43.23 INFO	ru.sfedu.stwitter.database.Seed:115 - Comment with ID 1780 was created
12.26:11.43.23 INFO	ru.sfedu.stwitter.database.Seed:115 - Comment with ID 1781 was created
12.26:11.43.23 INFO	ru.sfedu.stwitter.database.Seed:115 - Comment with ID 1782 was created
12.26:11.43.23 INFO	ru.sfedu.stwitter.database.Seed:115 - Comment with ID 1783 was created
12.26:11.43.23 INFO	ru.sfedu.stwitter.database.Seed:115 - Comment with ID 1784 was created
12.26:11.43.23 INFO	ru.sfedu.stwitter.database.Seed:115 - Comment with ID 1785 was created
12.26:11.43.23 INFO	ru.sfedu.stwitter.database.Seed:115 - Comment with ID 1786 was created
12.26:11.43.23 INFO	ru.sfedu.stwitter.database.Seed:115 - Comment with ID 1787 was created
12.26:11.43.23 INFO	ru.sfedu.stwitter.database.Seed:115 - Comment with ID 1788 was created
12.26:11.43.23 INFO	ru.sfedu.stwitter.database.Seed:115 - Comment with ID 1789 was created
12.26:11.43.23 INFO	ru.sfedu.stwitter.database.Seed:115 - Comment with ID 1790 was created
12.26:11.43.23 INFO	ru.sfedu.stwitter.database.Seed:115 - Comment with ID 1791 was created
12.26:11.43.23 INFO	ru.sfedu.stwitter.database.Seed:115 - Comment with ID 1792 was created
12.26:11.43.23 INFO	ru.sfedu.stwitter.database.Seed:115 - Comment with ID 1793 was created
12.26:11.43.23 INFO	ru.sfedu.stwitter.database.Seed:115 - Comment with ID 1794 was created
12.26:11.43.23 INFO	ru.sfedu.stwitter.database.Seed:115 - Comment with ID 1795 was created
12.26:11.43.23 INFO	ru.sfedu.stwitter.database.Seed:115 - Comment with ID 1796 was created
12.26:11.43.23 INFO	ru.sfedu.stwitter.database.Seed:115 - Comment with ID 1797 was created
12.26:11.43.23 INFO	ru.sfedu.stwitter.database.Seed:115 - Comment with ID 1798 was created
12.26:11.43.23 INFO	ru.sfedu.stwitter.database.Seed:115 - Comment with ID 1799 was created
12.26:11.43.23 INFO	ru.sfedu.stwitter.database.Seed:115 - Comment with ID 1800 was created
12.26:11.43.23 INFO	ru.sfedu.stwitter.database.Seed:115 - Comment with ID 1801 was created
12.26:11.43.23 INFO	ru.sfedu.stwitter.database.Seed:115 - Comment with ID 1802 was created
12.26:11.43.23 INFO	ru.sfedu.stwitter.database.Seed:115 - Comment with ID 1803 was created
12.26:11.43.23 INFO	ru.sfedu.stwitter.database.Seed:115 - Comment with ID 1804 was created
12.26:11.43.23 INFO	ru.sfedu.stwitter.database.Seed:115 - Comment with ID 1805 was created
12.26:11.43.23 INFO	ru.sfedu.stwitter.database.Seed:115 - Comment with ID 1806 was created
12.26:11.43.23 INFO	ru.sfedu.stwitter.database.Seed:115 - Comment with ID 1807 was created
12.26:11.43.23 INFO	ru.sfedu.stwitter.database.Seed:115 - Comment with ID 1808 was created
12.26:11.43.23 INFO	ru.sfedu.stwitter.database.Seed:115 - Comment with ID 1809 was created
12.26:11.43.23 INFO	ru.sfedu.stwitter.database.Seed:115 - Comment with ID 1810 was created
12.26:11.43.23 INFO	ru.sfedu.stwitter.database.Seed:115 - Comment with ID 1811 was created
12.26:11.43.23 INFO	ru.sfedu.stwitter.database.Seed:115 - Comment with ID 1812 was created
12.26:11.43.23 INFO	ru.sfedu.stwitter.database.Seed:115 - Comment with ID 1813 was created
12.26:11.43.23 INFO	ru.sfedu.stwitter.database.Seed:115 - Comment with ID 1814 was created
12.26:11.43.23 INFO	ru.sfedu.stwitter.database.Seed:115 - Comment with ID 1815 was created
12.26:11.43.23 INFO	ru.sfedu.stwitter.database.Seed:115 - Comment with ID 1816 was created
12.26:11.43.23 INFO	ru.sfedu.stwitter.database.Seed:115 - Comment with ID 1817 was created
12.26:11.43.23 INFO	ru.sfedu.stwitter.database.Seed:115 - Comment with ID 1818 was created
12.26:11.43.23 INFO	ru.sfedu.stwitter.database.Seed:115 - Comment with ID 1819 was created
12.26:11.43.23 INFO	ru.sfedu.stwitter.database.Seed:115 - Comment with ID 1820 was created
12.26:11.43.23 INFO	ru.sfedu.stwitter.database.Seed:115 - Comment with ID 1821 was created
12.26:11.43.23 INFO	ru.sfedu.stwitter.database.Seed:115 - Comment with ID 1822 was created
12.26:11.43.23 INFO	ru.sfedu.stwitter.database.Seed:115 - Comment with ID 1823 was created
12.26:11.43.23 INFO	ru.sfedu.stwitter.database.Seed:115 - Comment with ID 1824 was created
12.26:11.43.23 INFO	ru.sfedu.stwitter.database.Seed:115 - Comment with ID 1825 was created
12.26:11.43.23 INFO	ru.sfedu.stwitter.database.Seed:115 - Comment with ID 1826 was created
12.26:11.43.23 INFO	ru.sfedu.stwitter.database.Seed:115 - Comment with ID 1827 was created
12.26:11.43.23 INFO	ru.sfedu.stwitter.database.Seed:115 - Comment with ID 1828 was created
12.26:11.43.23 INFO	ru.sfedu.stwitter.database.Seed:115 - Comment with ID 1829 was created
12.26:11.43.23 INFO	ru.sfedu.stwitter.database.Seed:115 - Comment with ID 1830 was created
12.26:11.43.23 INFO	ru.sfedu.stwitter.database.Seed:115 - Comment with ID 1831 was created
12.26:11.43.23 INFO	ru.sfedu.stwitter.database.Seed:115 - Comment with ID 1832 was created
12.26:11.43.23 INFO	ru.sfedu.stwitter.database.Seed:115 - Comment with ID 1833 was created
12.26:11.43.23 INFO	ru.sfedu.stwitter.database.Seed:115 - Comment with ID 1834 was created
12.26:11.43.23 INFO	ru.sfedu.stwitter.database.Seed:115 - Comment with ID 1835 was created
12.26:11.43.23 INFO	ru.sfedu.stwitter.database.Seed:115 - Comment with ID 1836 was created
12.26:11.43.23 INFO	ru.sfedu.stwitter.database.Seed:115 - Comment with ID 1837 was created
12.26:11.43.23 INFO	ru.sfedu.stwitter.database.Seed:115 - Comment with ID 1838 was created
12.26:11.43.23 INFO	ru.sfedu.stwitter.database.Seed:115 - Comment with ID 1839 was created
12.26:11.43.24 INFO	ru.sfedu.stwitter.database.Seed:115 - Comment with ID 1840 was created
12.26:11.43.24 INFO	ru.sfedu.stwitter.database.Seed:115 - Comment with ID 1841 was created
12.26:11.43.24 INFO	ru.sfedu.stwitter.database.Seed:115 - Comment with ID 1842 was created
12.26:11.43.24 INFO	ru.sfedu.stwitter.database.Seed:115 - Comment with ID 1843 was created
12.26:11.43.24 INFO	ru.sfedu.stwitter.database.Seed:115 - Comment with ID 1844 was created
12.26:11.43.24 INFO	ru.sfedu.stwitter.database.Seed:115 - Comment with ID 1845 was created
12.26:11.43.24 INFO	ru.sfedu.stwitter.database.Seed:115 - Comment with ID 1846 was created
12.26:11.43.24 INFO	ru.sfedu.stwitter.database.Seed:115 - Comment with ID 1847 was created
12.26:11.43.24 INFO	ru.sfedu.stwitter.database.Seed:115 - Comment with ID 1848 was created
12.26:11.43.24 INFO	ru.sfedu.stwitter.database.Seed:115 - Comment with ID 1849 was created
12.26:11.43.24 INFO	ru.sfedu.stwitter.database.Seed:115 - Comment with ID 1850 was created
12.26:11.43.24 INFO	ru.sfedu.stwitter.database.Seed:115 - Comment with ID 1851 was created
12.26:11.43.24 INFO	ru.sfedu.stwitter.database.Seed:115 - Comment with ID 1852 was created
12.26:11.43.24 INFO	ru.sfedu.stwitter.database.Seed:115 - Comment with ID 1853 was created
12.26:11.43.24 INFO	ru.sfedu.stwitter.database.Seed:115 - Comment with ID 1854 was created
12.26:11.43.24 INFO	ru.sfedu.stwitter.database.Seed:115 - Comment with ID 1855 was created
12.26:11.43.24 INFO	ru.sfedu.stwitter.database.Seed:115 - Comment with ID 1856 was created
12.26:11.43.24 INFO	ru.sfedu.stwitter.database.Seed:115 - Comment with ID 1857 was created
12.26:11.43.24 INFO	ru.sfedu.stwitter.database.Seed:115 - Comment with ID 1858 was created
12.26:11.43.24 INFO	ru.sfedu.stwitter.database.Seed:115 - Comment with ID 1859 was created
12.26:11.43.24 INFO	ru.sfedu.stwitter.database.Seed:115 - Comment with ID 1860 was created
12.26:11.43.24 INFO	ru.sfedu.stwitter.database.Seed:115 - Comment with ID 1861 was created
12.26:11.43.24 INFO	ru.sfedu.stwitter.database.Seed:115 - Comment with ID 1862 was created
12.26:11.43.24 INFO	ru.sfedu.stwitter.database.Seed:115 - Comment with ID 1863 was created
12.26:11.43.24 INFO	ru.sfedu.stwitter.database.Seed:115 - Comment with ID 1864 was created
12.26:11.43.24 INFO	ru.sfedu.stwitter.database.Seed:115 - Comment with ID 1865 was created
12.26:11.43.24 INFO	ru.sfedu.stwitter.database.Seed:115 - Comment with ID 1866 was created
12.26:11.43.24 INFO	ru.sfedu.stwitter.database.Seed:115 - Comment with ID 1867 was created
12.26:11.43.24 INFO	ru.sfedu.stwitter.database.Seed:115 - Comment with ID 1868 was created
12.26:11.43.24 INFO	ru.sfedu.stwitter.database.Seed:115 - Comment with ID 1869 was created
12.26:11.43.24 INFO	ru.sfedu.stwitter.database.Seed:115 - Comment with ID 1870 was created
12.26:11.43.24 INFO	ru.sfedu.stwitter.database.Seed:115 - Comment with ID 1871 was created
12.26:11.43.24 INFO	ru.sfedu.stwitter.database.Seed:31 - _____SQL provider end_____
12.26:11.43.24 INFO	ru.sfedu.stwitter.database.Seed:33 - _____CSV provider start_____
12.26:11.43.24 INFO	ru.sfedu.stwitter.database.provider.CsvProvider:245 - id: 1, login: MercuryLogin, name: MercuryName
12.26:11.43.24 INFO	ru.sfedu.stwitter.database.Seed:82 - User with ID 1 was created
12.26:11.43.24 INFO	ru.sfedu.stwitter.database.provider.CsvProvider:245 - id: 2, login: VenusLogin, name: VenusName
12.26:11.43.24 INFO	ru.sfedu.stwitter.database.Seed:82 - User with ID 2 was created
12.26:11.43.24 INFO	ru.sfedu.stwitter.database.provider.CsvProvider:245 - id: 3, login: EarthLogin, name: EarthName
12.26:11.43.24 INFO	ru.sfedu.stwitter.database.Seed:82 - User with ID 3 was created
12.26:11.43.24 INFO	ru.sfedu.stwitter.database.provider.CsvProvider:245 - id: 4, login: MarsLogin, name: MarsName
12.26:11.43.24 INFO	ru.sfedu.stwitter.database.Seed:82 - User with ID 4 was created
12.26:11.43.24 INFO	ru.sfedu.stwitter.database.provider.CsvProvider:245 - id: 5, login: JupiterLogin, name: JupiterName
12.26:11.43.24 INFO	ru.sfedu.stwitter.database.Seed:82 - User with ID 5 was created
12.26:11.43.24 INFO	ru.sfedu.stwitter.database.provider.CsvProvider:245 - id: 6, login: SaturnLogin, name: SaturnName
12.26:11.43.24 INFO	ru.sfedu.stwitter.database.Seed:82 - User with ID 6 was created
12.26:11.43.24 INFO	ru.sfedu.stwitter.database.provider.CsvProvider:245 - id: 7, login: UranusLogin, name: UranusName
12.26:11.43.24 INFO	ru.sfedu.stwitter.database.Seed:82 - User with ID 7 was created
12.26:11.43.24 INFO	ru.sfedu.stwitter.database.provider.CsvProvider:245 - id: 8, login: NeptuneLogin, name: NeptuneName
12.26:11.43.24 INFO	ru.sfedu.stwitter.database.Seed:82 - User with ID 8 was created
12.26:11.43.24 INFO	ru.sfedu.stwitter.database.provider.CsvProvider:245 - id: 9, login: PlutoLogin, name: PlutoName
12.26:11.43.24 INFO	ru.sfedu.stwitter.database.Seed:82 - User with ID 9 was created
12.26:11.43.24 INFO	ru.sfedu.stwitter.database.Seed:99 - Post with ID 1 was created
12.26:11.43.24 INFO	ru.sfedu.stwitter.database.Seed:99 - Post with ID 2 was created
12.26:11.43.24 INFO	ru.sfedu.stwitter.database.Seed:99 - Post with ID 3 was created
12.26:11.43.24 INFO	ru.sfedu.stwitter.database.Seed:99 - Post with ID 4 was created
12.26:11.43.24 INFO	ru.sfedu.stwitter.database.Seed:99 - Post with ID 5 was created
12.26:11.43.24 INFO	ru.sfedu.stwitter.database.Seed:99 - Post with ID 6 was created
12.26:11.43.24 INFO	ru.sfedu.stwitter.database.Seed:99 - Post with ID 7 was created
12.26:11.43.24 INFO	ru.sfedu.stwitter.database.Seed:99 - Post with ID 8 was created
12.26:11.43.24 INFO	ru.sfedu.stwitter.database.Seed:99 - Post with ID 9 was created
12.26:11.43.24 INFO	ru.sfedu.stwitter.database.Seed:99 - Post with ID 10 was created
12.26:11.43.24 INFO	ru.sfedu.stwitter.database.Seed:99 - Post with ID 11 was created
12.26:11.43.24 INFO	ru.sfedu.stwitter.database.Seed:99 - Post with ID 12 was created
12.26:11.43.24 INFO	ru.sfedu.stwitter.database.Seed:99 - Post with ID 13 was created
12.26:11.43.24 INFO	ru.sfedu.stwitter.database.Seed:99 - Post with ID 14 was created
12.26:11.43.24 INFO	ru.sfedu.stwitter.database.Seed:99 - Post with ID 15 was created
12.26:11.43.24 INFO	ru.sfedu.stwitter.database.Seed:99 - Post with ID 16 was created
12.26:11.43.24 INFO	ru.sfedu.stwitter.database.Seed:99 - Post with ID 17 was created
12.26:11.43.24 INFO	ru.sfedu.stwitter.database.Seed:99 - Post with ID 18 was created
12.26:11.43.24 INFO	ru.sfedu.stwitter.database.Seed:115 - Comment with ID 1 was created
12.26:11.43.24 INFO	ru.sfedu.stwitter.database.Seed:115 - Comment with ID 2 was created
12.26:11.43.24 INFO	ru.sfedu.stwitter.database.Seed:115 - Comment with ID 3 was created
12.26:11.43.24 INFO	ru.sfedu.stwitter.database.Seed:115 - Comment with ID 4 was created
12.26:11.43.24 INFO	ru.sfedu.stwitter.database.Seed:115 - Comment with ID 5 was created
12.26:11.43.24 INFO	ru.sfedu.stwitter.database.Seed:115 - Comment with ID 6 was created
12.26:11.43.24 INFO	ru.sfedu.stwitter.database.Seed:115 - Comment with ID 7 was created
12.26:11.43.24 INFO	ru.sfedu.stwitter.database.Seed:115 - Comment with ID 8 was created
12.26:11.43.24 INFO	ru.sfedu.stwitter.database.Seed:115 - Comment with ID 9 was created
12.26:11.43.24 INFO	ru.sfedu.stwitter.database.Seed:115 - Comment with ID 10 was created
12.26:11.43.24 INFO	ru.sfedu.stwitter.database.Seed:115 - Comment with ID 11 was created
12.26:11.43.24 INFO	ru.sfedu.stwitter.database.Seed:115 - Comment with ID 12 was created
12.26:11.43.24 INFO	ru.sfedu.stwitter.database.Seed:115 - Comment with ID 13 was created
12.26:11.43.24 INFO	ru.sfedu.stwitter.database.Seed:115 - Comment with ID 14 was created
12.26:11.43.25 INFO	ru.sfedu.stwitter.database.Seed:115 - Comment with ID 15 was created
12.26:11.43.25 INFO	ru.sfedu.stwitter.database.Seed:115 - Comment with ID 16 was created
12.26:11.43.25 INFO	ru.sfedu.stwitter.database.Seed:115 - Comment with ID 17 was created
12.26:11.43.25 INFO	ru.sfedu.stwitter.database.Seed:115 - Comment with ID 18 was created
12.26:11.43.25 INFO	ru.sfedu.stwitter.database.Seed:115 - Comment with ID 19 was created
12.26:11.43.25 INFO	ru.sfedu.stwitter.database.Seed:115 - Comment with ID 20 was created
12.26:11.43.25 INFO	ru.sfedu.stwitter.database.Seed:115 - Comment with ID 21 was created
12.26:11.43.25 INFO	ru.sfedu.stwitter.database.Seed:115 - Comment with ID 22 was created
12.26:11.43.25 INFO	ru.sfedu.stwitter.database.Seed:115 - Comment with ID 23 was created
12.26:11.43.25 INFO	ru.sfedu.stwitter.database.Seed:115 - Comment with ID 24 was created
12.26:11.43.25 INFO	ru.sfedu.stwitter.database.Seed:115 - Comment with ID 25 was created
12.26:11.43.25 INFO	ru.sfedu.stwitter.database.Seed:115 - Comment with ID 26 was created
12.26:11.43.25 INFO	ru.sfedu.stwitter.database.Seed:115 - Comment with ID 27 was created
12.26:11.43.25 INFO	ru.sfedu.stwitter.database.Seed:115 - Comment with ID 28 was created
12.26:11.43.25 INFO	ru.sfedu.stwitter.database.Seed:115 - Comment with ID 29 was created
12.26:11.43.25 INFO	ru.sfedu.stwitter.database.Seed:115 - Comment with ID 30 was created
12.26:11.43.25 INFO	ru.sfedu.stwitter.database.Seed:115 - Comment with ID 31 was created
12.26:11.43.25 INFO	ru.sfedu.stwitter.database.Seed:115 - Comment with ID 32 was created
12.26:11.43.25 INFO	ru.sfedu.stwitter.database.Seed:115 - Comment with ID 33 was created
12.26:11.43.25 INFO	ru.sfedu.stwitter.database.Seed:115 - Comment with ID 34 was created
12.26:11.43.25 INFO	ru.sfedu.stwitter.database.Seed:115 - Comment with ID 35 was created
12.26:11.43.25 INFO	ru.sfedu.stwitter.database.Seed:115 - Comment with ID 36 was created
12.26:11.43.25 INFO	ru.sfedu.stwitter.database.Seed:115 - Comment with ID 37 was created
12.26:11.43.25 INFO	ru.sfedu.stwitter.database.Seed:115 - Comment with ID 38 was created
12.26:11.43.25 INFO	ru.sfedu.stwitter.database.Seed:115 - Comment with ID 39 was created
12.26:11.43.25 INFO	ru.sfedu.stwitter.database.Seed:115 - Comment with ID 40 was created
12.26:11.43.25 INFO	ru.sfedu.stwitter.database.Seed:115 - Comment with ID 41 was created
12.26:11.43.25 INFO	ru.sfedu.stwitter.database.Seed:115 - Comment with ID 42 was created
12.26:11.43.25 INFO	ru.sfedu.stwitter.database.Seed:115 - Comment with ID 43 was created
12.26:11.43.25 INFO	ru.sfedu.stwitter.database.Seed:115 - Comment with ID 44 was created
12.26:11.43.25 INFO	ru.sfedu.stwitter.database.Seed:115 - Comment with ID 45 was created
12.26:11.43.25 INFO	ru.sfedu.stwitter.database.Seed:115 - Comment with ID 46 was created
12.26:11.43.25 INFO	ru.sfedu.stwitter.database.Seed:115 - Comment with ID 47 was created
12.26:11.43.25 INFO	ru.sfedu.stwitter.database.Seed:115 - Comment with ID 48 was created
12.26:11.43.26 INFO	ru.sfedu.stwitter.database.Seed:115 - Comment with ID 49 was created
12.26:11.43.26 INFO	ru.sfedu.stwitter.database.Seed:115 - Comment with ID 50 was created
12.26:11.43.26 INFO	ru.sfedu.stwitter.database.Seed:115 - Comment with ID 51 was created
12.26:11.43.26 INFO	ru.sfedu.stwitter.database.Seed:115 - Comment with ID 52 was created
12.26:11.43.26 INFO	ru.sfedu.stwitter.database.Seed:115 - Comment with ID 53 was created
12.26:11.43.26 INFO	ru.sfedu.stwitter.database.Seed:115 - Comment with ID 54 was created
12.26:11.43.26 INFO	ru.sfedu.stwitter.database.Seed:115 - Comment with ID 55 was created
12.26:11.43.26 INFO	ru.sfedu.stwitter.database.Seed:115 - Comment with ID 56 was created
12.26:11.43.26 INFO	ru.sfedu.stwitter.database.Seed:115 - Comment with ID 57 was created
12.26:11.43.26 INFO	ru.sfedu.stwitter.database.Seed:115 - Comment with ID 58 was created
12.26:11.43.26 INFO	ru.sfedu.stwitter.database.Seed:115 - Comment with ID 59 was created
12.26:11.43.26 INFO	ru.sfedu.stwitter.database.Seed:115 - Comment with ID 60 was created
12.26:11.43.26 INFO	ru.sfedu.stwitter.database.Seed:115 - Comment with ID 61 was created
12.26:11.43.26 INFO	ru.sfedu.stwitter.database.Seed:115 - Comment with ID 62 was created
12.26:11.43.26 INFO	ru.sfedu.stwitter.database.Seed:115 - Comment with ID 63 was created
12.26:11.43.26 INFO	ru.sfedu.stwitter.database.Seed:115 - Comment with ID 64 was created
12.26:11.43.26 INFO	ru.sfedu.stwitter.database.Seed:115 - Comment with ID 65 was created
12.26:11.43.26 INFO	ru.sfedu.stwitter.database.Seed:115 - Comment with ID 66 was created
12.26:11.43.26 INFO	ru.sfedu.stwitter.database.Seed:115 - Comment with ID 67 was created
12.26:11.43.26 INFO	ru.sfedu.stwitter.database.Seed:115 - Comment with ID 68 was created
12.26:11.43.26 INFO	ru.sfedu.stwitter.database.Seed:115 - Comment with ID 69 was created
12.26:11.43.26 INFO	ru.sfedu.stwitter.database.Seed:115 - Comment with ID 70 was created
12.26:11.43.26 INFO	ru.sfedu.stwitter.database.Seed:115 - Comment with ID 71 was created
12.26:11.43.26 INFO	ru.sfedu.stwitter.database.Seed:115 - Comment with ID 72 was created
12.26:11.43.26 INFO	ru.sfedu.stwitter.database.Seed:115 - Comment with ID 73 was created
12.26:11.43.26 INFO	ru.sfedu.stwitter.database.Seed:115 - Comment with ID 74 was created
12.26:11.43.26 INFO	ru.sfedu.stwitter.database.Seed:115 - Comment with ID 75 was created
12.26:11.43.26 INFO	ru.sfedu.stwitter.database.Seed:115 - Comment with ID 76 was created
12.26:11.43.26 INFO	ru.sfedu.stwitter.database.Seed:115 - Comment with ID 77 was created
12.26:11.43.26 INFO	ru.sfedu.stwitter.database.Seed:115 - Comment with ID 78 was created
12.26:11.43.26 INFO	ru.sfedu.stwitter.database.Seed:115 - Comment with ID 79 was created
12.26:11.43.26 INFO	ru.sfedu.stwitter.database.Seed:115 - Comment with ID 80 was created
12.26:11.43.26 INFO	ru.sfedu.stwitter.database.Seed:115 - Comment with ID 81 was created
12.26:11.43.26 INFO	ru.sfedu.stwitter.database.Seed:115 - Comment with ID 82 was created
12.26:11.43.26 INFO	ru.sfedu.stwitter.database.Seed:115 - Comment with ID 83 was created
12.26:11.43.26 INFO	ru.sfedu.stwitter.database.Seed:115 - Comment with ID 84 was created
12.26:11.43.26 INFO	ru.sfedu.stwitter.database.Seed:115 - Comment with ID 85 was created
12.26:11.43.26 INFO	ru.sfedu.stwitter.database.Seed:115 - Comment with ID 86 was created
12.26:11.43.27 INFO	ru.sfedu.stwitter.database.Seed:115 - Comment with ID 87 was created
12.26:11.43.27 INFO	ru.sfedu.stwitter.database.Seed:115 - Comment with ID 88 was created
12.26:11.43.27 INFO	ru.sfedu.stwitter.database.Seed:115 - Comment with ID 89 was created
12.26:11.43.27 INFO	ru.sfedu.stwitter.database.Seed:115 - Comment with ID 90 was created
12.26:11.43.27 INFO	ru.sfedu.stwitter.database.Seed:115 - Comment with ID 91 was created
12.26:11.43.27 INFO	ru.sfedu.stwitter.database.Seed:115 - Comment with ID 92 was created
12.26:11.43.27 INFO	ru.sfedu.stwitter.database.Seed:115 - Comment with ID 93 was created
12.26:11.43.27 INFO	ru.sfedu.stwitter.database.Seed:115 - Comment with ID 94 was created
12.26:11.43.27 INFO	ru.sfedu.stwitter.database.Seed:115 - Comment with ID 95 was created
12.26:11.43.27 INFO	ru.sfedu.stwitter.database.Seed:115 - Comment with ID 96 was created
12.26:11.43.27 INFO	ru.sfedu.stwitter.database.Seed:115 - Comment with ID 97 was created
12.26:11.43.27 INFO	ru.sfedu.stwitter.database.Seed:115 - Comment with ID 98 was created
12.26:11.43.27 INFO	ru.sfedu.stwitter.database.Seed:115 - Comment with ID 99 was created
12.26:11.43.27 INFO	ru.sfedu.stwitter.database.Seed:115 - Comment with ID 100 was created
12.26:11.43.27 INFO	ru.sfedu.stwitter.database.Seed:115 - Comment with ID 101 was created
12.26:11.43.27 INFO	ru.sfedu.stwitter.database.Seed:115 - Comment with ID 102 was created
12.26:11.43.27 INFO	ru.sfedu.stwitter.database.Seed:115 - Comment with ID 103 was created
12.26:11.43.27 INFO	ru.sfedu.stwitter.database.Seed:115 - Comment with ID 104 was created
12.26:11.43.27 INFO	ru.sfedu.stwitter.database.Seed:115 - Comment with ID 105 was created
12.26:11.43.27 INFO	ru.sfedu.stwitter.database.Seed:115 - Comment with ID 106 was created
12.26:11.43.27 INFO	ru.sfedu.stwitter.database.Seed:115 - Comment with ID 107 was created
12.26:11.43.27 INFO	ru.sfedu.stwitter.database.Seed:115 - Comment with ID 108 was created
12.26:11.43.27 INFO	ru.sfedu.stwitter.database.Seed:115 - Comment with ID 109 was created
12.26:11.43.27 INFO	ru.sfedu.stwitter.database.Seed:115 - Comment with ID 110 was created
12.26:11.43.27 INFO	ru.sfedu.stwitter.database.Seed:115 - Comment with ID 111 was created
12.26:11.43.27 INFO	ru.sfedu.stwitter.database.Seed:115 - Comment with ID 112 was created
12.26:11.43.27 INFO	ru.sfedu.stwitter.database.Seed:115 - Comment with ID 113 was created
12.26:11.43.27 INFO	ru.sfedu.stwitter.database.Seed:115 - Comment with ID 114 was created
12.26:11.43.27 INFO	ru.sfedu.stwitter.database.Seed:115 - Comment with ID 115 was created
12.26:11.43.27 INFO	ru.sfedu.stwitter.database.Seed:115 - Comment with ID 116 was created
12.26:11.43.27 INFO	ru.sfedu.stwitter.database.Seed:115 - Comment with ID 117 was created
12.26:11.43.28 INFO	ru.sfedu.stwitter.database.Seed:115 - Comment with ID 118 was created
12.26:11.43.28 INFO	ru.sfedu.stwitter.database.Seed:115 - Comment with ID 119 was created
12.26:11.43.28 INFO	ru.sfedu.stwitter.database.Seed:115 - Comment with ID 120 was created
12.26:11.43.28 INFO	ru.sfedu.stwitter.database.Seed:115 - Comment with ID 121 was created
12.26:11.43.28 INFO	ru.sfedu.stwitter.database.Seed:115 - Comment with ID 122 was created
12.26:11.43.28 INFO	ru.sfedu.stwitter.database.Seed:115 - Comment with ID 123 was created
12.26:11.43.28 INFO	ru.sfedu.stwitter.database.Seed:115 - Comment with ID 124 was created
12.26:11.43.28 INFO	ru.sfedu.stwitter.database.Seed:115 - Comment with ID 125 was created
12.26:11.43.28 INFO	ru.sfedu.stwitter.database.Seed:115 - Comment with ID 126 was created
12.26:11.43.28 INFO	ru.sfedu.stwitter.database.Seed:115 - Comment with ID 127 was created
12.26:11.43.28 INFO	ru.sfedu.stwitter.database.Seed:115 - Comment with ID 128 was created
12.26:11.43.28 INFO	ru.sfedu.stwitter.database.Seed:115 - Comment with ID 129 was created
12.26:11.43.28 INFO	ru.sfedu.stwitter.database.Seed:115 - Comment with ID 130 was created
12.26:11.43.28 INFO	ru.sfedu.stwitter.database.Seed:115 - Comment with ID 131 was created
12.26:11.43.28 INFO	ru.sfedu.stwitter.database.Seed:115 - Comment with ID 132 was created
12.26:11.43.28 INFO	ru.sfedu.stwitter.database.Seed:115 - Comment with ID 133 was created
12.26:11.43.28 INFO	ru.sfedu.stwitter.database.Seed:115 - Comment with ID 134 was created
12.26:11.43.28 INFO	ru.sfedu.stwitter.database.Seed:115 - Comment with ID 135 was created
12.26:11.43.28 INFO	ru.sfedu.stwitter.database.Seed:115 - Comment with ID 136 was created
12.26:11.43.28 INFO	ru.sfedu.stwitter.database.Seed:115 - Comment with ID 137 was created
12.26:11.43.28 INFO	ru.sfedu.stwitter.database.Seed:115 - Comment with ID 138 was created
12.26:11.43.28 INFO	ru.sfedu.stwitter.database.Seed:115 - Comment with ID 139 was created
12.26:11.43.28 INFO	ru.sfedu.stwitter.database.Seed:115 - Comment with ID 140 was created
12.26:11.43.28 INFO	ru.sfedu.stwitter.database.Seed:115 - Comment with ID 141 was created
12.26:11.43.28 INFO	ru.sfedu.stwitter.database.Seed:115 - Comment with ID 142 was created
12.26:11.43.28 INFO	ru.sfedu.stwitter.database.Seed:115 - Comment with ID 143 was created
12.26:11.43.28 INFO	ru.sfedu.stwitter.database.Seed:115 - Comment with ID 144 was created
12.26:11.43.29 INFO	ru.sfedu.stwitter.database.Seed:115 - Comment with ID 145 was created
12.26:11.43.29 INFO	ru.sfedu.stwitter.database.Seed:115 - Comment with ID 146 was created
12.26:11.43.29 INFO	ru.sfedu.stwitter.database.Seed:115 - Comment with ID 147 was created
12.26:11.43.29 INFO	ru.sfedu.stwitter.database.Seed:115 - Comment with ID 148 was created
12.26:11.43.29 INFO	ru.sfedu.stwitter.database.Seed:115 - Comment with ID 149 was created
12.26:11.43.29 INFO	ru.sfedu.stwitter.database.Seed:115 - Comment with ID 150 was created
12.26:11.43.29 INFO	ru.sfedu.stwitter.database.Seed:115 - Comment with ID 151 was created
12.26:11.43.29 INFO	ru.sfedu.stwitter.database.Seed:115 - Comment with ID 152 was created
12.26:11.43.29 INFO	ru.sfedu.stwitter.database.Seed:115 - Comment with ID 153 was created
12.26:11.43.29 INFO	ru.sfedu.stwitter.database.Seed:115 - Comment with ID 154 was created
12.26:11.43.29 INFO	ru.sfedu.stwitter.database.Seed:115 - Comment with ID 155 was created
12.26:11.43.29 INFO	ru.sfedu.stwitter.database.Seed:115 - Comment with ID 156 was created
12.26:11.43.29 INFO	ru.sfedu.stwitter.database.Seed:115 - Comment with ID 157 was created
12.26:11.43.29 INFO	ru.sfedu.stwitter.database.Seed:115 - Comment with ID 158 was created
12.26:11.43.29 INFO	ru.sfedu.stwitter.database.Seed:115 - Comment with ID 159 was created
12.26:11.43.29 INFO	ru.sfedu.stwitter.database.Seed:115 - Comment with ID 160 was created
12.26:11.43.29 INFO	ru.sfedu.stwitter.database.Seed:115 - Comment with ID 161 was created
12.26:11.43.29 INFO	ru.sfedu.stwitter.database.Seed:115 - Comment with ID 162 was created
12.26:11.43.29 INFO	ru.sfedu.stwitter.database.Seed:36 - _____CSV provider end_____
12.26:11.43.29 INFO	ru.sfedu.stwitter.database.Seed:38 - _____XML provider start_____
12.26:11.43.29 INFO	ru.sfedu.stwitter.database.Seed:82 - User with ID 1 was created
12.26:11.43.29 INFO	ru.sfedu.stwitter.database.Seed:82 - User with ID 2 was created
12.26:11.43.29 INFO	ru.sfedu.stwitter.database.Seed:82 - User with ID 3 was created
12.26:11.43.29 INFO	ru.sfedu.stwitter.database.Seed:82 - User with ID 4 was created
12.26:11.43.29 INFO	ru.sfedu.stwitter.database.Seed:82 - User with ID 5 was created
12.26:11.43.29 INFO	ru.sfedu.stwitter.database.Seed:82 - User with ID 6 was created
12.26:11.43.29 INFO	ru.sfedu.stwitter.database.Seed:82 - User with ID 7 was created
12.26:11.43.29 INFO	ru.sfedu.stwitter.database.Seed:82 - User with ID 8 was created
12.26:11.43.29 INFO	ru.sfedu.stwitter.database.Seed:82 - User with ID 9 was created
12.26:11.43.29 INFO	ru.sfedu.stwitter.database.Seed:99 - Post with ID 1 was created
12.26:11.43.29 INFO	ru.sfedu.stwitter.database.Seed:99 - Post with ID 2 was created
12.26:11.43.29 INFO	ru.sfedu.stwitter.database.Seed:99 - Post with ID 3 was created
12.26:11.43.29 INFO	ru.sfedu.stwitter.database.Seed:99 - Post with ID 4 was created
12.26:11.43.29 INFO	ru.sfedu.stwitter.database.Seed:99 - Post with ID 5 was created
12.26:11.43.29 INFO	ru.sfedu.stwitter.database.Seed:99 - Post with ID 6 was created
12.26:11.43.30 INFO	ru.sfedu.stwitter.database.Seed:99 - Post with ID 7 was created
12.26:11.43.30 INFO	ru.sfedu.stwitter.database.Seed:99 - Post with ID 8 was created
12.26:11.43.30 INFO	ru.sfedu.stwitter.database.Seed:99 - Post with ID 9 was created
12.26:11.43.30 INFO	ru.sfedu.stwitter.database.Seed:99 - Post with ID 10 was created
12.26:11.43.30 INFO	ru.sfedu.stwitter.database.Seed:99 - Post with ID 11 was created
12.26:11.43.30 INFO	ru.sfedu.stwitter.database.Seed:99 - Post with ID 12 was created
12.26:11.43.30 INFO	ru.sfedu.stwitter.database.Seed:99 - Post with ID 13 was created
12.26:11.43.30 INFO	ru.sfedu.stwitter.database.Seed:99 - Post with ID 14 was created
12.26:11.43.30 INFO	ru.sfedu.stwitter.database.Seed:99 - Post with ID 15 was created
12.26:11.43.30 INFO	ru.sfedu.stwitter.database.Seed:99 - Post with ID 16 was created
12.26:11.43.30 INFO	ru.sfedu.stwitter.database.Seed:99 - Post with ID 17 was created
12.26:11.43.30 INFO	ru.sfedu.stwitter.database.Seed:99 - Post with ID 18 was created
12.26:11.43.30 INFO	ru.sfedu.stwitter.database.Seed:115 - Comment with ID 1 was created
12.26:11.43.30 INFO	ru.sfedu.stwitter.database.Seed:115 - Comment with ID 2 was created
12.26:11.43.30 INFO	ru.sfedu.stwitter.database.Seed:115 - Comment with ID 3 was created
12.26:11.43.30 INFO	ru.sfedu.stwitter.database.Seed:115 - Comment with ID 4 was created
12.26:11.43.30 INFO	ru.sfedu.stwitter.database.Seed:115 - Comment with ID 5 was created
12.26:11.43.30 INFO	ru.sfedu.stwitter.database.Seed:115 - Comment with ID 6 was created
12.26:11.43.30 INFO	ru.sfedu.stwitter.database.Seed:115 - Comment with ID 7 was created
12.26:11.43.30 INFO	ru.sfedu.stwitter.database.Seed:115 - Comment with ID 8 was created
12.26:11.43.30 INFO	ru.sfedu.stwitter.database.Seed:115 - Comment with ID 9 was created
12.26:11.43.30 INFO	ru.sfedu.stwitter.database.Seed:115 - Comment with ID 10 was created
12.26:11.43.30 INFO	ru.sfedu.stwitter.database.Seed:115 - Comment with ID 11 was created
12.26:11.43.30 INFO	ru.sfedu.stwitter.database.Seed:115 - Comment with ID 12 was created
12.26:11.43.30 INFO	ru.sfedu.stwitter.database.Seed:115 - Comment with ID 13 was created
12.26:11.43.30 INFO	ru.sfedu.stwitter.database.Seed:115 - Comment with ID 14 was created
12.26:11.43.30 INFO	ru.sfedu.stwitter.database.Seed:115 - Comment with ID 15 was created
12.26:11.43.30 INFO	ru.sfedu.stwitter.database.Seed:115 - Comment with ID 16 was created
12.26:11.43.30 INFO	ru.sfedu.stwitter.database.Seed:115 - Comment with ID 17 was created
12.26:11.43.30 INFO	ru.sfedu.stwitter.database.Seed:115 - Comment with ID 18 was created
12.26:11.43.30 INFO	ru.sfedu.stwitter.database.Seed:115 - Comment with ID 19 was created
12.26:11.43.30 INFO	ru.sfedu.stwitter.database.Seed:115 - Comment with ID 20 was created
12.26:11.43.30 INFO	ru.sfedu.stwitter.database.Seed:115 - Comment with ID 21 was created
12.26:11.43.30 INFO	ru.sfedu.stwitter.database.Seed:115 - Comment with ID 22 was created
12.26:11.43.30 INFO	ru.sfedu.stwitter.database.Seed:115 - Comment with ID 23 was created
12.26:11.43.30 INFO	ru.sfedu.stwitter.database.Seed:115 - Comment with ID 24 was created
12.26:11.43.30 INFO	ru.sfedu.stwitter.database.Seed:115 - Comment with ID 25 was created
12.26:11.43.30 INFO	ru.sfedu.stwitter.database.Seed:115 - Comment with ID 26 was created
12.26:11.43.30 INFO	ru.sfedu.stwitter.database.Seed:115 - Comment with ID 27 was created
12.26:11.43.30 INFO	ru.sfedu.stwitter.database.Seed:115 - Comment with ID 28 was created
12.26:11.43.30 INFO	ru.sfedu.stwitter.database.Seed:115 - Comment with ID 29 was created
12.26:11.43.30 INFO	ru.sfedu.stwitter.database.Seed:115 - Comment with ID 30 was created
12.26:11.43.30 INFO	ru.sfedu.stwitter.database.Seed:115 - Comment with ID 31 was created
12.26:11.43.30 INFO	ru.sfedu.stwitter.database.Seed:115 - Comment with ID 32 was created
12.26:11.43.30 INFO	ru.sfedu.stwitter.database.Seed:115 - Comment with ID 33 was created
12.26:11.43.30 INFO	ru.sfedu.stwitter.database.Seed:115 - Comment with ID 34 was created
12.26:11.43.30 INFO	ru.sfedu.stwitter.database.Seed:115 - Comment with ID 35 was created
12.26:11.43.30 INFO	ru.sfedu.stwitter.database.Seed:115 - Comment with ID 36 was created
12.26:11.43.30 INFO	ru.sfedu.stwitter.database.Seed:115 - Comment with ID 37 was created
12.26:11.43.30 INFO	ru.sfedu.stwitter.database.Seed:115 - Comment with ID 38 was created
12.26:11.43.30 INFO	ru.sfedu.stwitter.database.Seed:115 - Comment with ID 39 was created
12.26:11.43.30 INFO	ru.sfedu.stwitter.database.Seed:115 - Comment with ID 40 was created
12.26:11.43.30 INFO	ru.sfedu.stwitter.database.Seed:115 - Comment with ID 41 was created
12.26:11.43.30 INFO	ru.sfedu.stwitter.database.Seed:115 - Comment with ID 42 was created
12.26:11.43.30 INFO	ru.sfedu.stwitter.database.Seed:115 - Comment with ID 43 was created
12.26:11.43.30 INFO	ru.sfedu.stwitter.database.Seed:115 - Comment with ID 44 was created
12.26:11.43.30 INFO	ru.sfedu.stwitter.database.Seed:115 - Comment with ID 45 was created
12.26:11.43.30 INFO	ru.sfedu.stwitter.database.Seed:115 - Comment with ID 46 was created
12.26:11.43.30 INFO	ru.sfedu.stwitter.database.Seed:115 - Comment with ID 47 was created
12.26:11.43.30 INFO	ru.sfedu.stwitter.database.Seed:115 - Comment with ID 48 was created
12.26:11.43.30 INFO	ru.sfedu.stwitter.database.Seed:115 - Comment with ID 49 was created
12.26:11.43.30 INFO	ru.sfedu.stwitter.database.Seed:115 - Comment with ID 50 was created
12.26:11.43.30 INFO	ru.sfedu.stwitter.database.Seed:115 - Comment with ID 51 was created
12.26:11.43.30 INFO	ru.sfedu.stwitter.database.Seed:115 - Comment with ID 52 was created
12.26:11.43.30 INFO	ru.sfedu.stwitter.database.Seed:115 - Comment with ID 53 was created
12.26:11.43.30 INFO	ru.sfedu.stwitter.database.Seed:115 - Comment with ID 54 was created
12.26:11.43.30 INFO	ru.sfedu.stwitter.database.Seed:115 - Comment with ID 55 was created
12.26:11.43.30 INFO	ru.sfedu.stwitter.database.Seed:115 - Comment with ID 56 was created
12.26:11.43.30 INFO	ru.sfedu.stwitter.database.Seed:115 - Comment with ID 57 was created
12.26:11.43.30 INFO	ru.sfedu.stwitter.database.Seed:115 - Comment with ID 58 was created
12.26:11.43.30 INFO	ru.sfedu.stwitter.database.Seed:115 - Comment with ID 59 was created
12.26:11.43.30 INFO	ru.sfedu.stwitter.database.Seed:115 - Comment with ID 60 was created
12.26:11.43.30 INFO	ru.sfedu.stwitter.database.Seed:115 - Comment with ID 61 was created
12.26:11.43.30 INFO	ru.sfedu.stwitter.database.Seed:115 - Comment with ID 62 was created
12.26:11.43.30 INFO	ru.sfedu.stwitter.database.Seed:115 - Comment with ID 63 was created
12.26:11.43.30 INFO	ru.sfedu.stwitter.database.Seed:115 - Comment with ID 64 was created
12.26:11.43.30 INFO	ru.sfedu.stwitter.database.Seed:115 - Comment with ID 65 was created
12.26:11.43.30 INFO	ru.sfedu.stwitter.database.Seed:115 - Comment with ID 66 was created
12.26:11.43.30 INFO	ru.sfedu.stwitter.database.Seed:115 - Comment with ID 67 was created
12.26:11.43.30 INFO	ru.sfedu.stwitter.database.Seed:115 - Comment with ID 68 was created
12.26:11.43.30 INFO	ru.sfedu.stwitter.database.Seed:115 - Comment with ID 69 was created
12.26:11.43.30 INFO	ru.sfedu.stwitter.database.Seed:115 - Comment with ID 70 was created
12.26:11.43.30 INFO	ru.sfedu.stwitter.database.Seed:115 - Comment with ID 71 was created
12.26:11.43.30 INFO	ru.sfedu.stwitter.database.Seed:115 - Comment with ID 72 was created
12.26:11.43.30 INFO	ru.sfedu.stwitter.database.Seed:115 - Comment with ID 73 was created
12.26:11.43.30 INFO	ru.sfedu.stwitter.database.Seed:115 - Comment with ID 74 was created
12.26:11.43.30 INFO	ru.sfedu.stwitter.database.Seed:115 - Comment with ID 75 was created
12.26:11.43.30 INFO	ru.sfedu.stwitter.database.Seed:115 - Comment with ID 76 was created
12.26:11.43.30 INFO	ru.sfedu.stwitter.database.Seed:115 - Comment with ID 77 was created
12.26:11.43.30 INFO	ru.sfedu.stwitter.database.Seed:115 - Comment with ID 78 was created
12.26:11.43.30 INFO	ru.sfedu.stwitter.database.Seed:115 - Comment with ID 79 was created
12.26:11.43.30 INFO	ru.sfedu.stwitter.database.Seed:115 - Comment with ID 80 was created
12.26:11.43.30 INFO	ru.sfedu.stwitter.database.Seed:115 - Comment with ID 81 was created
12.26:11.43.30 INFO	ru.sfedu.stwitter.database.Seed:115 - Comment with ID 82 was created
12.26:11.43.30 INFO	ru.sfedu.stwitter.database.Seed:115 - Comment with ID 83 was created
12.26:11.43.30 INFO	ru.sfedu.stwitter.database.Seed:115 - Comment with ID 84 was created
12.26:11.43.30 INFO	ru.sfedu.stwitter.database.Seed:115 - Comment with ID 85 was created
12.26:11.43.30 INFO	ru.sfedu.stwitter.database.Seed:115 - Comment with ID 86 was created
12.26:11.43.30 INFO	ru.sfedu.stwitter.database.Seed:115 - Comment with ID 87 was created
12.26:11.43.30 INFO	ru.sfedu.stwitter.database.Seed:115 - Comment with ID 88 was created
12.26:11.43.30 INFO	ru.sfedu.stwitter.database.Seed:115 - Comment with ID 89 was created
12.26:11.43.30 INFO	ru.sfedu.stwitter.database.Seed:115 - Comment with ID 90 was created
12.26:11.43.30 INFO	ru.sfedu.stwitter.database.Seed:115 - Comment with ID 91 was created
12.26:11.43.30 INFO	ru.sfedu.stwitter.database.Seed:115 - Comment with ID 92 was created
12.26:11.43.30 INFO	ru.sfedu.stwitter.database.Seed:115 - Comment with ID 93 was created
12.26:11.43.30 INFO	ru.sfedu.stwitter.database.Seed:115 - Comment with ID 94 was created
12.26:11.43.30 INFO	ru.sfedu.stwitter.database.Seed:115 - Comment with ID 95 was created
12.26:11.43.30 INFO	ru.sfedu.stwitter.database.Seed:115 - Comment with ID 96 was created
12.26:11.43.30 INFO	ru.sfedu.stwitter.database.Seed:115 - Comment with ID 97 was created
12.26:11.43.30 INFO	ru.sfedu.stwitter.database.Seed:115 - Comment with ID 98 was created
12.26:11.43.30 INFO	ru.sfedu.stwitter.database.Seed:115 - Comment with ID 99 was created
12.26:11.43.30 INFO	ru.sfedu.stwitter.database.Seed:115 - Comment with ID 100 was created
12.26:11.43.31 INFO	ru.sfedu.stwitter.database.Seed:115 - Comment with ID 101 was created
12.26:11.43.31 INFO	ru.sfedu.stwitter.database.Seed:115 - Comment with ID 102 was created
12.26:11.43.31 INFO	ru.sfedu.stwitter.database.Seed:115 - Comment with ID 103 was created
12.26:11.43.31 INFO	ru.sfedu.stwitter.database.Seed:115 - Comment with ID 104 was created
12.26:11.43.31 INFO	ru.sfedu.stwitter.database.Seed:115 - Comment with ID 105 was created
12.26:11.43.31 INFO	ru.sfedu.stwitter.database.Seed:115 - Comment with ID 106 was created
12.26:11.43.31 INFO	ru.sfedu.stwitter.database.Seed:115 - Comment with ID 107 was created
12.26:11.43.31 INFO	ru.sfedu.stwitter.database.Seed:115 - Comment with ID 108 was created
12.26:11.43.31 INFO	ru.sfedu.stwitter.database.Seed:115 - Comment with ID 109 was created
12.26:11.43.31 INFO	ru.sfedu.stwitter.database.Seed:115 - Comment with ID 110 was created
12.26:11.43.31 INFO	ru.sfedu.stwitter.database.Seed:115 - Comment with ID 111 was created
12.26:11.43.31 INFO	ru.sfedu.stwitter.database.Seed:115 - Comment with ID 112 was created
12.26:11.43.31 INFO	ru.sfedu.stwitter.database.Seed:115 - Comment with ID 113 was created
12.26:11.43.31 INFO	ru.sfedu.stwitter.database.Seed:115 - Comment with ID 114 was created
12.26:11.43.31 INFO	ru.sfedu.stwitter.database.Seed:115 - Comment with ID 115 was created
12.26:11.43.31 INFO	ru.sfedu.stwitter.database.Seed:115 - Comment with ID 116 was created
12.26:11.43.31 INFO	ru.sfedu.stwitter.database.Seed:115 - Comment with ID 117 was created
12.26:11.43.31 INFO	ru.sfedu.stwitter.database.Seed:115 - Comment with ID 118 was created
12.26:11.43.31 INFO	ru.sfedu.stwitter.database.Seed:115 - Comment with ID 119 was created
12.26:11.43.31 INFO	ru.sfedu.stwitter.database.Seed:115 - Comment with ID 120 was created
12.26:11.43.31 INFO	ru.sfedu.stwitter.database.Seed:115 - Comment with ID 121 was created
12.26:11.43.31 INFO	ru.sfedu.stwitter.database.Seed:115 - Comment with ID 122 was created
12.26:11.43.31 INFO	ru.sfedu.stwitter.database.Seed:115 - Comment with ID 123 was created
12.26:11.43.31 INFO	ru.sfedu.stwitter.database.Seed:115 - Comment with ID 124 was created
12.26:11.43.31 INFO	ru.sfedu.stwitter.database.Seed:115 - Comment with ID 125 was created
12.26:11.43.31 INFO	ru.sfedu.stwitter.database.Seed:115 - Comment with ID 126 was created
12.26:11.43.31 INFO	ru.sfedu.stwitter.database.Seed:115 - Comment with ID 127 was created
12.26:11.43.31 INFO	ru.sfedu.stwitter.database.Seed:115 - Comment with ID 128 was created
12.26:11.43.31 INFO	ru.sfedu.stwitter.database.Seed:115 - Comment with ID 129 was created
12.26:11.43.31 INFO	ru.sfedu.stwitter.database.Seed:115 - Comment with ID 130 was created
12.26:11.43.31 INFO	ru.sfedu.stwitter.database.Seed:115 - Comment with ID 131 was created
12.26:11.43.31 INFO	ru.sfedu.stwitter.database.Seed:115 - Comment with ID 132 was created
12.26:11.43.31 INFO	ru.sfedu.stwitter.database.Seed:115 - Comment with ID 133 was created
12.26:11.43.32 INFO	ru.sfedu.stwitter.database.Seed:115 - Comment with ID 134 was created
12.26:11.43.32 INFO	ru.sfedu.stwitter.database.Seed:115 - Comment with ID 135 was created
12.26:11.43.32 INFO	ru.sfedu.stwitter.database.Seed:115 - Comment with ID 136 was created
12.26:11.43.32 INFO	ru.sfedu.stwitter.database.Seed:115 - Comment with ID 137 was created
12.26:11.43.32 INFO	ru.sfedu.stwitter.database.Seed:115 - Comment with ID 138 was created
12.26:11.43.32 INFO	ru.sfedu.stwitter.database.Seed:115 - Comment with ID 139 was created
12.26:11.43.32 INFO	ru.sfedu.stwitter.database.Seed:115 - Comment with ID 140 was created
12.26:11.43.32 INFO	ru.sfedu.stwitter.database.Seed:115 - Comment with ID 141 was created
12.26:11.43.32 INFO	ru.sfedu.stwitter.database.Seed:115 - Comment with ID 142 was created
12.26:11.43.32 INFO	ru.sfedu.stwitter.database.Seed:115 - Comment with ID 143 was created
12.26:11.43.32 INFO	ru.sfedu.stwitter.database.Seed:115 - Comment with ID 144 was created
12.26:11.43.32 INFO	ru.sfedu.stwitter.database.Seed:115 - Comment with ID 145 was created
12.26:11.43.32 INFO	ru.sfedu.stwitter.database.Seed:115 - Comment with ID 146 was created
12.26:11.43.32 INFO	ru.sfedu.stwitter.database.Seed:115 - Comment with ID 147 was created
12.26:11.43.32 INFO	ru.sfedu.stwitter.database.Seed:115 - Comment with ID 148 was created
12.26:11.43.32 INFO	ru.sfedu.stwitter.database.Seed:115 - Comment with ID 149 was created
12.26:11.43.32 INFO	ru.sfedu.stwitter.database.Seed:115 - Comment with ID 150 was created
12.26:11.43.32 INFO	ru.sfedu.stwitter.database.Seed:115 - Comment with ID 151 was created
12.26:11.43.32 INFO	ru.sfedu.stwitter.database.Seed:115 - Comment with ID 152 was created
12.26:11.43.32 INFO	ru.sfedu.stwitter.database.Seed:115 - Comment with ID 153 was created
12.26:11.43.32 INFO	ru.sfedu.stwitter.database.Seed:115 - Comment with ID 154 was created
12.26:11.43.32 INFO	ru.sfedu.stwitter.database.Seed:115 - Comment with ID 155 was created
12.26:11.43.32 INFO	ru.sfedu.stwitter.database.Seed:115 - Comment with ID 156 was created
12.26:11.43.32 INFO	ru.sfedu.stwitter.database.Seed:115 - Comment with ID 157 was created
12.26:11.43.32 INFO	ru.sfedu.stwitter.database.Seed:115 - Comment with ID 158 was created
12.26:11.43.32 INFO	ru.sfedu.stwitter.database.Seed:115 - Comment with ID 159 was created
12.26:11.43.32 INFO	ru.sfedu.stwitter.database.Seed:115 - Comment with ID 160 was created
12.26:11.43.32 INFO	ru.sfedu.stwitter.database.Seed:115 - Comment with ID 161 was created
12.26:11.43.32 INFO	ru.sfedu.stwitter.database.Seed:115 - Comment with ID 162 was created
12.26:11.43.32 INFO	ru.sfedu.stwitter.database.Seed:41 - _____XML provider end_____
12.26:11.43.32 INFO	ru.sfedu.stwitter.database.Seed:43 - -----SEEDS------
12.26:11.47.43 INFO	ru.sfedu.stwitter.database.Clean:24 - _____CLEAN_____
12.26:11.47.43 INFO	ru.sfedu.stwitter.database.Clean:26 - _____SQL provider start_____
12.26:11.47.44 INFO	ru.sfedu.stwitter.database.Clean:50 - User with id 221 was deleted
12.26:11.47.44 INFO	ru.sfedu.stwitter.database.Clean:50 - User with id 222 was deleted
12.26:11.47.44 INFO	ru.sfedu.stwitter.database.Clean:50 - User with id 223 was deleted
12.26:11.47.44 INFO	ru.sfedu.stwitter.database.Clean:50 - User with id 224 was deleted
12.26:11.47.44 INFO	ru.sfedu.stwitter.database.Clean:50 - User with id 225 was deleted
12.26:11.47.44 INFO	ru.sfedu.stwitter.database.Clean:50 - User with id 226 was deleted
12.26:11.47.44 INFO	ru.sfedu.stwitter.database.Clean:50 - User with id 227 was deleted
12.26:11.47.44 INFO	ru.sfedu.stwitter.database.Clean:50 - User with id 228 was deleted
12.26:11.47.44 INFO	ru.sfedu.stwitter.database.Clean:50 - User with id 229 was deleted
12.26:11.47.44 INFO	ru.sfedu.stwitter.database.Clean:29 - _____SQL provider end_____
12.26:11.47.44 INFO	ru.sfedu.stwitter.database.Clean:31 - _____CSV provider start_____
12.26:11.47.46 INFO	ru.sfedu.stwitter.database.Clean:50 - User with id 1 was deleted
12.26:11.47.47 INFO	ru.sfedu.stwitter.database.Clean:50 - User with id 2 was deleted
12.26:11.47.47 INFO	ru.sfedu.stwitter.database.Clean:50 - User with id 3 was deleted
12.26:11.47.48 INFO	ru.sfedu.stwitter.database.Clean:50 - User with id 4 was deleted
12.26:11.47.48 INFO	ru.sfedu.stwitter.database.Clean:50 - User with id 5 was deleted
12.26:11.47.48 INFO	ru.sfedu.stwitter.database.Clean:50 - User with id 6 was deleted
12.26:11.47.48 INFO	ru.sfedu.stwitter.database.Clean:50 - User with id 7 was deleted
12.26:11.47.48 INFO	ru.sfedu.stwitter.database.Clean:50 - User with id 8 was deleted
12.26:11.47.48 INFO	ru.sfedu.stwitter.database.Clean:50 - User with id 9 was deleted
12.26:11.47.48 INFO	ru.sfedu.stwitter.database.Clean:34 - _____CSV provider end_____
12.26:11.47.48 INFO	ru.sfedu.stwitter.database.Clean:36 - _____XML provider start_____
12.26:11.47.49 INFO	ru.sfedu.stwitter.database.Clean:50 - User with id 1 was deleted
12.26:11.47.49 INFO	ru.sfedu.stwitter.database.Clean:50 - User with id 2 was deleted
12.26:11.47.49 INFO	ru.sfedu.stwitter.database.Clean:50 - User with id 3 was deleted
12.26:11.47.49 INFO	ru.sfedu.stwitter.database.Clean:50 - User with id 4 was deleted
12.26:11.47.50 INFO	ru.sfedu.stwitter.database.Clean:50 - User with id 5 was deleted
12.26:11.47.50 INFO	ru.sfedu.stwitter.database.Clean:50 - User with id 6 was deleted
12.26:11.47.50 INFO	ru.sfedu.stwitter.database.Clean:50 - User with id 7 was deleted
12.26:11.47.50 INFO	ru.sfedu.stwitter.database.Clean:50 - User with id 8 was deleted
12.26:11.47.50 INFO	ru.sfedu.stwitter.database.Clean:50 - User with id 9 was deleted
12.26:11.47.50 INFO	ru.sfedu.stwitter.database.Clean:39 - _____XML provider end_____
12.26:11.47.50 INFO	ru.sfedu.stwitter.database.Clean:41 - -----CLEAN------
12.26:11.56.47ERROR	ru.sfedu.stwitter.database.provider.XmlProvider:291 - org.simpleframework.xml.core.ValueRequiredException: Unable to satisfy @org.simpleframework.xml.ElementList(entry=, inline=true, data=false, name=beans, type=void, required=true, empty=true) on field 'beans' private java.util.List ru.sfedu.stwitter.database.entites.XmlElementList.beans for class ru.sfedu.stwitter.database.entites.XmlElementList at line 1
12.26:11.56.47ERROR	ru.sfedu.stwitter.database.provider.XmlProvider:305 - org.simpleframework.xml.core.ValueRequiredException: Unable to satisfy @org.simpleframework.xml.ElementList(entry=, inline=true, data=false, name=beans, type=void, required=true, empty=true) on field 'beans' private java.util.List ru.sfedu.stwitter.database.entites.XmlElementList.beans for class ru.sfedu.stwitter.database.entites.XmlElementList at line 1
12.26:11.56.47ERROR	ru.sfedu.stwitter.database.provider.XmlProvider:319 - org.simpleframework.xml.core.ValueRequiredException: Unable to satisfy @org.simpleframework.xml.ElementList(entry=, inline=true, data=false, name=beans, type=void, required=true, empty=true) on field 'beans' private java.util.List ru.sfedu.stwitter.database.entites.XmlElementList.beans for class ru.sfedu.stwitter.database.entites.XmlElementList at line 1
12.26:11.56.47 INFO	ru.sfedu.stwitter.database.provider.PsqlProvider:72 - User with id 2 was saved
12.26:11.58.21 INFO	ru.sfedu.stwitter.database.provider.CsvProvider:245 - id: 1, login: GuestLogin, name: GuestName
12.26:11.58.22 INFO	ru.sfedu.stwitter.database.provider.CsvProvider:111 - Find user with id 1
12.26:11.58.22 INFO	ru.sfedu.stwitter.database.provider.CsvProvider:121 - Find post with id 1
12.26:11.58.22 INFO	ru.sfedu.stwitter.database.provider.CsvProvider:131 - Find comment with id 1
12.26:11.58.22 INFO	ru.sfedu.stwitter.database.provider.CsvProvider:245 - id: 2, login: GuestLogin, name: GuestName
12.26:11.58.22 INFO	ru.sfedu.stwitter.database.provider.CsvProvider:65 - User with id 2 was saved
12.26:11.58.22 INFO	ru.sfedu.stwitter.database.provider.CsvProvider:78 - Post with id 2 was saved
12.26:11.58.22 INFO	ru.sfedu.stwitter.database.provider.CsvProvider:93 - Comment with id 2 was saved
12.26:11.58.22 INFO	ru.sfedu.stwitter.database.provider.CsvProvider:159 - User with id 2 was updated
12.26:11.58.22 INFO	ru.sfedu.stwitter.database.provider.CsvProvider:188 - Post with id 2 was updated
12.26:11.58.22 INFO	ru.sfedu.stwitter.database.provider.CsvProvider:213 - Comment with id 2 was updated
12.26:11.58.22 INFO	ru.sfedu.stwitter.database.provider.CsvProvider:277 - Comment with id 2 was deleted
12.26:11.58.23 INFO	ru.sfedu.stwitter.database.provider.CsvProvider:257 - Post with id 2 was deleted
12.26:11.58.23 INFO	ru.sfedu.stwitter.database.provider.CsvProvider:237 - User with id 2 was deleted
12.26:11.58.23 INFO	ru.sfedu.stwitter.database.provider.PsqlProvider:120 - Find user with id 230
12.26:11.58.23 INFO	ru.sfedu.stwitter.database.provider.PsqlProvider:130 - Find post with id 330
12.26:11.58.23 INFO	ru.sfedu.stwitter.database.provider.PsqlProvider:140 - Find comment with id 1872
12.26:11.58.23 INFO	ru.sfedu.stwitter.database.provider.PsqlProvider:72 - User with id 231 was saved
12.26:11.58.23 INFO	ru.sfedu.stwitter.database.provider.PsqlProvider:86 - Post with id 331 was saved
12.26:11.58.23 INFO	ru.sfedu.stwitter.database.provider.PsqlProvider:102 - Comment with id 1873 was saved
12.26:11.58.23 INFO	ru.sfedu.stwitter.database.provider.PsqlProvider:168 - User with id 231 was updated
12.26:11.58.23 INFO	ru.sfedu.stwitter.database.provider.PsqlProvider:197 - Post with id 331 was updated
12.26:11.58.23 INFO	ru.sfedu.stwitter.database.provider.PsqlProvider:222 - Comment with id 1873 was updated
12.26:11.58.23 INFO	ru.sfedu.stwitter.database.provider.PsqlProvider:286 - Comment with id 1873 was deleted
12.26:11.58.24 INFO	ru.sfedu.stwitter.database.provider.PsqlProvider:266 - Post with id 331 was deleted
12.26:11.58.24 INFO	ru.sfedu.stwitter.database.provider.PsqlProvider:246 - User with id 231 was deleted
12.26:11.58.24 INFO	ru.sfedu.stwitter.database.provider.PsqlProvider:120 - Find user with id 3
12.26:11.58.24 INFO	ru.sfedu.stwitter.database.provider.PsqlProvider:130 - Find post with id 2
12.26:11.58.24 INFO	ru.sfedu.stwitter.database.provider.PsqlProvider:140 - Find comment with id 2
12.26:11.58.24 INFO	ru.sfedu.stwitter.database.provider.PsqlProvider:72 - User with id 4 was saved
12.26:11.58.24 INFO	ru.sfedu.stwitter.database.provider.PsqlProvider:86 - Post with id 3 was saved
12.26:11.58.24 INFO	ru.sfedu.stwitter.database.provider.PsqlProvider:102 - Comment with id 3 was saved
12.26:11.58.24 INFO	ru.sfedu.stwitter.database.provider.PsqlProvider:168 - User with id 4 was updated
12.26:11.58.24 INFO	ru.sfedu.stwitter.database.provider.PsqlProvider:197 - Post with id 3 was updated
12.26:11.58.24 INFO	ru.sfedu.stwitter.database.provider.PsqlProvider:222 - Comment with id 3 was updated
12.26:11.58.25 INFO	ru.sfedu.stwitter.database.provider.PsqlProvider:280 - Post with id 3 was deleted
12.26:11.58.25 INFO	ru.sfedu.stwitter.database.provider.PsqlProvider:289 - Comment with id 3 was deleted
12.26:11.58.25 INFO	ru.sfedu.stwitter.database.provider.PsqlProvider:266 - Post with id 3 was deleted
12.26:11.58.25 INFO	ru.sfedu.stwitter.database.provider.PsqlProvider:246 - User with id 4 was deleted
